{"D:\\fejs\\ecommerce_application\\src\\components\\registration.ts": {"path":"D:\\fejs\\ecommerce_application\\src\\components\\registration.ts","statementMap":{"0":{"start":{"line":1,"column":0},"end":{"line":1,"column":null}},"1":{"start":{"line":6,"column":0},"end":{"line":6,"column":42}},"2":{"start":{"line":20,"column":4},"end":{"line":20,"column":61}},"3":{"start":{"line":24,"column":4},"end":{"line":57,"column":12}},"4":{"start":{"line":61,"column":4},"end":{"line":61,"column":65}},"5":{"start":{"line":65,"column":61},"end":{"line":65,"column":107}},"6":{"start":{"line":66,"column":56},"end":{"line":66,"column":106}},"7":{"start":{"line":69,"column":25},"end":{"line":69,"column":79}},"8":{"start":{"line":70,"column":25},"end":{"line":99,"column":23}},"9":{"start":{"line":100,"column":6},"end":{"line":100,"column":42}},"10":{"start":{"line":103,"column":4},"end":{"line":103,"column":17}},"11":{"start":{"line":104,"column":4},"end":{"line":104,"column":53}},"12":{"start":{"line":108,"column":46},"end":{"line":108,"column":75}},"13":{"start":{"line":111,"column":6},"end":{"line":111,"column":68}},"14":{"start":{"line":115,"column":18},"end":{"line":115,"column":24}},"15":{"start":{"line":116,"column":6},"end":{"line":116,"column":26}},"16":{"start":{"line":117,"column":6},"end":{"line":117,"column":43}},"17":{"start":{"line":121,"column":18},"end":{"line":121,"column":24}},"18":{"start":{"line":122,"column":6},"end":{"line":122,"column":25}},"19":{"start":{"line":123,"column":6},"end":{"line":123,"column":46}},"20":{"start":{"line":127,"column":6},"end":{"line":127,"column":77}},"21":{"start":{"line":131,"column":56},"end":{"line":131,"column":83}},"22":{"start":{"line":132,"column":6},"end":{"line":132,"column":25}},"23":{"start":{"line":136,"column":28},"end":{"line":136,"column":53}},"24":{"start":{"line":137,"column":43},"end":{"line":137,"column":64}},"25":{"start":{"line":138,"column":26},"end":{"line":138,"column":54}},"26":{"start":{"line":139,"column":6},"end":{"line":143,"column":null}},"27":{"start":{"line":140,"column":8},"end":{"line":140,"column":96}},"28":{"start":{"line":142,"column":8},"end":{"line":142,"column":26}},"29":{"start":{"line":147,"column":27},"end":{"line":147,"column":51}},"30":{"start":{"line":148,"column":43},"end":{"line":148,"column":63}},"31":{"start":{"line":149,"column":6},"end":{"line":157,"column":null}},"32":{"start":{"line":150,"column":8},"end":{"line":150,"column":76}},"33":{"start":{"line":151,"column":13},"end":{"line":157,"column":null}},"34":{"start":{"line":152,"column":8},"end":{"line":152,"column":79}},"35":{"start":{"line":153,"column":13},"end":{"line":157,"column":null}},"36":{"start":{"line":154,"column":8},"end":{"line":154,"column":68}},"37":{"start":{"line":156,"column":8},"end":{"line":156,"column":26}},"38":{"start":{"line":161,"column":6},"end":{"line":161,"column":58}},"39":{"start":{"line":165,"column":32},"end":{"line":165,"column":57}},"40":{"start":{"line":166,"column":43},"end":{"line":166,"column":64}},"41":{"start":{"line":167,"column":6},"end":{"line":171,"column":null}},"42":{"start":{"line":168,"column":8},"end":{"line":168,"column":114}},"43":{"start":{"line":170,"column":8},"end":{"line":170,"column":26}},"44":{"start":{"line":175,"column":31},"end":{"line":175,"column":56}},"45":{"start":{"line":176,"column":43},"end":{"line":176,"column":64}},"46":{"start":{"line":177,"column":6},"end":{"line":181,"column":null}},"47":{"start":{"line":178,"column":8},"end":{"line":178,"column":113}},"48":{"start":{"line":180,"column":8},"end":{"line":180,"column":26}},"49":{"start":{"line":185,"column":31},"end":{"line":185,"column":56}},"50":{"start":{"line":186,"column":43},"end":{"line":186,"column":64}},"51":{"start":{"line":187,"column":20},"end":{"line":187,"column":40}},"52":{"start":{"line":188,"column":22},"end":{"line":188,"column":32}},"53":{"start":{"line":189,"column":23},"end":{"line":189,"column":113}},"54":{"start":{"line":190,"column":6},"end":{"line":194,"column":null}},"55":{"start":{"line":191,"column":8},"end":{"line":191,"column":74}},"56":{"start":{"line":193,"column":8},"end":{"line":193,"column":26}},"57":{"start":{"line":198,"column":6},"end":{"line":206,"column":null}},"58":{"start":{"line":198,"column":19},"end":{"line":198,"column":20}},"59":{"start":{"line":199,"column":31},"end":{"line":199,"column":62}},"60":{"start":{"line":200,"column":45},"end":{"line":200,"column":72}},"61":{"start":{"line":201,"column":8},"end":{"line":205,"column":null}},"62":{"start":{"line":202,"column":10},"end":{"line":202,"column":81}},"63":{"start":{"line":204,"column":10},"end":{"line":204,"column":28}},"64":{"start":{"line":210,"column":6},"end":{"line":218,"column":null}},"65":{"start":{"line":210,"column":19},"end":{"line":210,"column":20}},"66":{"start":{"line":211,"column":29},"end":{"line":211,"column":58}},"67":{"start":{"line":212,"column":45},"end":{"line":212,"column":70}},"68":{"start":{"line":213,"column":8},"end":{"line":217,"column":null}},"69":{"start":{"line":214,"column":10},"end":{"line":214,"column":116}},"70":{"start":{"line":216,"column":10},"end":{"line":216,"column":28}},"71":{"start":{"line":222,"column":6},"end":{"line":230,"column":null}},"72":{"start":{"line":222,"column":19},"end":{"line":222,"column":20}},"73":{"start":{"line":223,"column":35},"end":{"line":223,"column":65}},"74":{"start":{"line":224,"column":45},"end":{"line":224,"column":71}},"75":{"start":{"line":225,"column":8},"end":{"line":229,"column":null}},"76":{"start":{"line":226,"column":10},"end":{"line":226,"column":116}},"77":{"start":{"line":228,"column":10},"end":{"line":228,"column":28}},"78":{"start":{"line":234,"column":56},"end":{"line":234,"column":66}},"79":{"start":{"line":235,"column":32},"end":{"line":235,"column":40}},"80":{"start":{"line":236,"column":6},"end":{"line":252,"column":null}},"81":{"start":{"line":237,"column":8},"end":{"line":237,"column":21}},"82":{"start":{"line":238,"column":13},"end":{"line":252,"column":null}},"83":{"start":{"line":239,"column":8},"end":{"line":239,"column":24}},"84":{"start":{"line":240,"column":13},"end":{"line":252,"column":null}},"85":{"start":{"line":241,"column":8},"end":{"line":241,"column":25}},"86":{"start":{"line":242,"column":13},"end":{"line":252,"column":null}},"87":{"start":{"line":243,"column":8},"end":{"line":243,"column":24}},"88":{"start":{"line":244,"column":13},"end":{"line":252,"column":null}},"89":{"start":{"line":245,"column":8},"end":{"line":245,"column":19}},"90":{"start":{"line":246,"column":13},"end":{"line":252,"column":null}},"91":{"start":{"line":247,"column":8},"end":{"line":247,"column":22}},"92":{"start":{"line":248,"column":13},"end":{"line":252,"column":null}},"93":{"start":{"line":249,"column":8},"end":{"line":249,"column":20}},"94":{"start":{"line":250,"column":13},"end":{"line":252,"column":null}},"95":{"start":{"line":251,"column":8},"end":{"line":251,"column":21}},"96":{"start":{"line":256,"column":6},"end":{"line":256,"column":19}},"97":{"start":{"line":257,"column":6},"end":{"line":257,"column":22}},"98":{"start":{"line":258,"column":6},"end":{"line":258,"column":23}},"99":{"start":{"line":259,"column":6},"end":{"line":259,"column":22}},"100":{"start":{"line":260,"column":6},"end":{"line":260,"column":17}},"101":{"start":{"line":261,"column":6},"end":{"line":261,"column":20}},"102":{"start":{"line":262,"column":6},"end":{"line":262,"column":18}},"103":{"start":{"line":263,"column":6},"end":{"line":263,"column":19}},"104":{"start":{"line":267,"column":59},"end":{"line":267,"column":93}},"105":{"start":{"line":268,"column":6},"end":{"line":268,"column":37}},"106":{"start":{"line":269,"column":6},"end":{"line":269,"column":51}},"107":{"start":{"line":273,"column":59},"end":{"line":273,"column":100}},"108":{"start":{"line":274,"column":6},"end":{"line":277,"column":null}},"109":{"start":{"line":275,"column":8},"end":{"line":275,"column":38}},"110":{"start":{"line":276,"column":8},"end":{"line":276,"column":56}},"111":{"start":{"line":281,"column":22},"end":{"line":283,"column":8}},"112":{"start":{"line":284,"column":28},"end":{"line":284,"column":53}},"113":{"start":{"line":285,"column":27},"end":{"line":285,"column":51}},"114":{"start":{"line":286,"column":32},"end":{"line":286,"column":57}},"115":{"start":{"line":287,"column":31},"end":{"line":287,"column":56}},"116":{"start":{"line":288,"column":31},"end":{"line":288,"column":56}},"117":{"start":{"line":289,"column":30},"end":{"line":295,"column":8}},"118":{"start":{"line":296,"column":6},"end":{"line":318,"column":19}},"119":{"start":{"line":323,"column":8},"end":{"line":334,"column":null}},"120":{"start":{"line":330,"column":10},"end":{"line":330,"column":25}},"121":{"start":{"line":331,"column":15},"end":{"line":334,"column":null}},"122":{"start":{"line":333,"column":10},"end":{"line":333,"column":30}},"123":{"start":{"line":336,"column":21},"end":{"line":336,"column":55}},"124":{"start":{"line":337,"column":6},"end":{"line":337,"column":43}},"125":{"start":{"line":337,"column":28},"end":{"line":337,"column":41}},"126":{"start":{"line":341,"column":28},"end":{"line":341,"column":53}},"127":{"start":{"line":342,"column":27},"end":{"line":342,"column":51}},"128":{"start":{"line":343,"column":28},"end":{"line":346,"column":8}},"129":{"start":{"line":347,"column":22},"end":{"line":349,"column":8}},"130":{"start":{"line":350,"column":19},"end":{"line":350,"column":84}},"131":{"start":{"line":350,"column":25},"end":{"line":350,"column":84}},"132":{"start":{"line":351,"column":6},"end":{"line":364,"column":11}},"133":{"start":{"line":353,"column":10},"end":{"line":353,"column":56}},"134":{"start":{"line":354,"column":10},"end":{"line":354,"column":55}},"135":{"start":{"line":355,"column":10},"end":{"line":355,"column":22}},"136":{"start":{"line":356,"column":10},"end":{"line":359,"column":19}},"137":{"start":{"line":357,"column":12},"end":{"line":357,"column":26}},"138":{"start":{"line":358,"column":12},"end":{"line":358,"column":39}},"139":{"start":{"line":362,"column":10},"end":{"line":362,"column":38}},"140":{"start":{"line":363,"column":10},"end":{"line":363,"column":48}},"141":{"start":{"line":363,"column":27},"end":{"line":363,"column":40}},"142":{"start":{"line":368,"column":6},"end":{"line":368,"column":27}},"143":{"start":{"line":369,"column":6},"end":{"line":369,"column":17}},"144":{"start":{"line":370,"column":26},"end":{"line":370,"column":65}},"145":{"start":{"line":371,"column":6},"end":{"line":377,"column":null}},"146":{"start":{"line":372,"column":45},"end":{"line":372,"column":67}},"147":{"start":{"line":373,"column":8},"end":{"line":373,"column":104}},"148":{"start":{"line":374,"column":8},"end":{"line":374,"column":50}},"149":{"start":{"line":374,"column":25},"end":{"line":374,"column":42}},"150":{"start":{"line":376,"column":8},"end":{"line":376,"column":21}},"151":{"start":{"line":381,"column":6},"end":{"line":381,"column":71}},"152":{"start":{"line":382,"column":6},"end":{"line":382,"column":64}},"153":{"start":{"line":383,"column":6},"end":{"line":383,"column":66}},"154":{"start":{"line":386,"column":4},"end":{"line":386,"column":66}},"155":{"start":{"line":387,"column":4},"end":{"line":387,"column":63}},"156":{"start":{"line":388,"column":4},"end":{"line":388,"column":59}},"157":{"start":{"line":389,"column":4},"end":{"line":389,"column":61}},"158":{"start":{"line":16,"column":0},"end":{"line":16,"column":21}}},"fnMap":{"0":{"name":"(anonymous_0)","decl":{"start":{"line":19,"column":2},"end":{"line":19,"column":null}},"loc":{"start":{"line":19,"column":2},"end":{"line":21,"column":3}}},"1":{"name":"(anonymous_1)","decl":{"start":{"line":23,"column":2},"end":{"line":23,"column":6}},"loc":{"start":{"line":23,"column":6},"end":{"line":58,"column":3}}},"2":{"name":"(anonymous_2)","decl":{"start":{"line":60,"column":2},"end":{"line":60,"column":24}},"loc":{"start":{"line":60,"column":24},"end":{"line":62,"column":3}}},"3":{"name":"(anonymous_3)","decl":{"start":{"line":64,"column":2},"end":{"line":64,"column":20}},"loc":{"start":{"line":64,"column":20},"end":{"line":105,"column":3}}},"4":{"name":"addAddress","decl":{"start":{"line":68,"column":13},"end":{"line":68,"column":23}},"loc":{"start":{"line":68,"column":23},"end":{"line":101,"column":5}}},"5":{"name":"(anonymous_5)","decl":{"start":{"line":107,"column":2},"end":{"line":107,"column":11}},"loc":{"start":{"line":107,"column":11},"end":{"line":390,"column":3}}},"6":{"name":"returnNumAddresses","decl":{"start":{"line":110,"column":13},"end":{"line":110,"column":31}},"loc":{"start":{"line":110,"column":31},"end":{"line":112,"column":5}}},"7":{"name":"showError","decl":{"start":{"line":114,"column":13},"end":{"line":114,"column":22}},"loc":{"start":{"line":114,"column":64},"end":{"line":118,"column":5}}},"8":{"name":"hideError","decl":{"start":{"line":120,"column":13},"end":{"line":120,"column":22}},"loc":{"start":{"line":120,"column":51},"end":{"line":124,"column":5}}},"9":{"name":"returnErrPar","decl":{"start":{"line":126,"column":13},"end":{"line":126,"column":25}},"loc":{"start":{"line":126,"column":36},"end":{"line":128,"column":5}}},"10":{"name":"returnInputValue","decl":{"start":{"line":130,"column":13},"end":{"line":130,"column":29}},"loc":{"start":{"line":130,"column":40},"end":{"line":133,"column":5}}},"11":{"name":"checkEmail","decl":{"start":{"line":135,"column":13},"end":{"line":135,"column":23}},"loc":{"start":{"line":135,"column":23},"end":{"line":144,"column":5}}},"12":{"name":"checkPassword","decl":{"start":{"line":146,"column":13},"end":{"line":146,"column":26}},"loc":{"start":{"line":146,"column":26},"end":{"line":158,"column":5}}},"13":{"name":"checkNotOnlyChar","decl":{"start":{"line":160,"column":13},"end":{"line":160,"column":29}},"loc":{"start":{"line":160,"column":41},"end":{"line":162,"column":5}}},"14":{"name":"checkFirstName","decl":{"start":{"line":164,"column":13},"end":{"line":164,"column":27}},"loc":{"start":{"line":164,"column":27},"end":{"line":172,"column":5}}},"15":{"name":"checkLastName","decl":{"start":{"line":174,"column":13},"end":{"line":174,"column":26}},"loc":{"start":{"line":174,"column":26},"end":{"line":182,"column":5}}},"16":{"name":"checkAge","decl":{"start":{"line":184,"column":13},"end":{"line":184,"column":21}},"loc":{"start":{"line":184,"column":21},"end":{"line":195,"column":5}}},"17":{"name":"checkStreet","decl":{"start":{"line":197,"column":13},"end":{"line":197,"column":24}},"loc":{"start":{"line":197,"column":24},"end":{"line":207,"column":5}}},"18":{"name":"checkCity","decl":{"start":{"line":209,"column":13},"end":{"line":209,"column":22}},"loc":{"start":{"line":209,"column":22},"end":{"line":219,"column":5}}},"19":{"name":"checkPCode","decl":{"start":{"line":221,"column":13},"end":{"line":221,"column":23}},"loc":{"start":{"line":221,"column":23},"end":{"line":231,"column":5}}},"20":{"name":"checkEvtTarget","decl":{"start":{"line":233,"column":13},"end":{"line":233,"column":27}},"loc":{"start":{"line":233,"column":38},"end":{"line":253,"column":5}}},"21":{"name":"checkAll","decl":{"start":{"line":255,"column":13},"end":{"line":255,"column":21}},"loc":{"start":{"line":255,"column":21},"end":{"line":264,"column":5}}},"22":{"name":"displayMessage","decl":{"start":{"line":266,"column":13},"end":{"line":266,"column":27}},"loc":{"start":{"line":266,"column":39},"end":{"line":270,"column":5}}},"23":{"name":"hideMessage","decl":{"start":{"line":272,"column":13},"end":{"line":272,"column":24}},"loc":{"start":{"line":272,"column":24},"end":{"line":278,"column":5}}},"24":{"name":"updateCustomerInfo","decl":{"start":{"line":280,"column":13},"end":{"line":280,"column":31}},"loc":{"start":{"line":280,"column":42},"end":{"line":319,"column":5}}},"25":{"name":"clearForm","decl":{"start":{"line":321,"column":13},"end":{"line":321,"column":22}},"loc":{"start":{"line":321,"column":22},"end":{"line":338,"column":5}}},"26":{"name":"clearInput","decl":{"start":{"line":322,"column":15},"end":{"line":322,"column":25}},"loc":{"start":{"line":322,"column":47},"end":{"line":335,"column":7}}},"27":{"name":"(anonymous_27)","decl":{"start":{"line":337,"column":21},"end":{"line":337,"column":22}},"loc":{"start":{"line":337,"column":28},"end":{"line":337,"column":41}}},"28":{"name":"createUser","decl":{"start":{"line":340,"column":13},"end":{"line":340,"column":23}},"loc":{"start":{"line":340,"column":23},"end":{"line":365,"column":5}}},"29":{"name":"(anonymous_29)","decl":{"start":{"line":350,"column":19},"end":{"line":350,"column":22}},"loc":{"start":{"line":350,"column":25},"end":{"line":350,"column":84}}},"30":{"name":"(anonymous_30)","decl":{"start":{"line":352,"column":14},"end":{"line":352,"column":15}},"loc":{"start":{"line":352,"column":27},"end":{"line":360,"column":9}}},"31":{"name":"(anonymous_31)","decl":{"start":{"line":356,"column":21},"end":{"line":356,"column":24}},"loc":{"start":{"line":356,"column":26},"end":{"line":359,"column":11}}},"32":{"name":"(anonymous_32)","decl":{"start":{"line":361,"column":15},"end":{"line":361,"column":16}},"loc":{"start":{"line":361,"column":30},"end":{"line":364,"column":9}}},"33":{"name":"(anonymous_33)","decl":{"start":{"line":363,"column":21},"end":{"line":363,"column":24}},"loc":{"start":{"line":363,"column":27},"end":{"line":363,"column":40}}},"34":{"name":"checkForm","decl":{"start":{"line":367,"column":13},"end":{"line":367,"column":22}},"loc":{"start":{"line":367,"column":33},"end":{"line":378,"column":5}}},"35":{"name":"(anonymous_35)","decl":{"start":{"line":374,"column":19},"end":{"line":374,"column":22}},"loc":{"start":{"line":374,"column":25},"end":{"line":374,"column":42}}},"36":{"name":"removeListeners","decl":{"start":{"line":380,"column":13},"end":{"line":380,"column":28}},"loc":{"start":{"line":380,"column":28},"end":{"line":384,"column":5}}}},"branchMap":{"0":{"loc":{"start":{"line":139,"column":6},"end":{"line":143,"column":null}},"type":"if","locations":[{"start":{"line":139,"column":6},"end":{"line":143,"column":null}},{"start":{"line":141,"column":13},"end":{"line":143,"column":null}}]},"1":{"loc":{"start":{"line":149,"column":6},"end":{"line":157,"column":null}},"type":"if","locations":[{"start":{"line":149,"column":6},"end":{"line":157,"column":null}},{"start":{"line":151,"column":13},"end":{"line":157,"column":null}}]},"2":{"loc":{"start":{"line":151,"column":13},"end":{"line":157,"column":null}},"type":"if","locations":[{"start":{"line":151,"column":13},"end":{"line":157,"column":null}},{"start":{"line":153,"column":13},"end":{"line":157,"column":null}}]},"3":{"loc":{"start":{"line":153,"column":13},"end":{"line":157,"column":null}},"type":"if","locations":[{"start":{"line":153,"column":13},"end":{"line":157,"column":null}},{"start":{"line":155,"column":13},"end":{"line":157,"column":null}}]},"4":{"loc":{"start":{"line":161,"column":21},"end":{"line":161,"column":56}},"type":"binary-expr","locations":[{"start":{"line":161,"column":21},"end":{"line":161,"column":41}},{"start":{"line":161,"column":45},"end":{"line":161,"column":56}}]},"5":{"loc":{"start":{"line":167,"column":6},"end":{"line":171,"column":null}},"type":"if","locations":[{"start":{"line":167,"column":6},"end":{"line":171,"column":null}},{"start":{"line":169,"column":13},"end":{"line":171,"column":null}}]},"6":{"loc":{"start":{"line":177,"column":6},"end":{"line":181,"column":null}},"type":"if","locations":[{"start":{"line":177,"column":6},"end":{"line":181,"column":null}},{"start":{"line":179,"column":13},"end":{"line":181,"column":null}}]},"7":{"loc":{"start":{"line":190,"column":6},"end":{"line":194,"column":null}},"type":"if","locations":[{"start":{"line":190,"column":6},"end":{"line":194,"column":null}},{"start":{"line":192,"column":13},"end":{"line":194,"column":null}}]},"8":{"loc":{"start":{"line":190,"column":10},"end":{"line":190,"column":40}},"type":"binary-expr","locations":[{"start":{"line":190,"column":10},"end":{"line":190,"column":30}},{"start":{"line":190,"column":34},"end":{"line":190,"column":40}}]},"9":{"loc":{"start":{"line":201,"column":8},"end":{"line":205,"column":null}},"type":"if","locations":[{"start":{"line":201,"column":8},"end":{"line":205,"column":null}},{"start":{"line":203,"column":15},"end":{"line":205,"column":null}}]},"10":{"loc":{"start":{"line":201,"column":14},"end":{"line":201,"column":61}},"type":"binary-expr","locations":[{"start":{"line":201,"column":14},"end":{"line":201,"column":44}},{"start":{"line":201,"column":48},"end":{"line":201,"column":61}}]},"11":{"loc":{"start":{"line":213,"column":8},"end":{"line":217,"column":null}},"type":"if","locations":[{"start":{"line":213,"column":8},"end":{"line":217,"column":null}},{"start":{"line":215,"column":15},"end":{"line":217,"column":null}}]},"12":{"loc":{"start":{"line":225,"column":8},"end":{"line":229,"column":null}},"type":"if","locations":[{"start":{"line":225,"column":8},"end":{"line":229,"column":null}},{"start":{"line":227,"column":15},"end":{"line":229,"column":null}}]},"13":{"loc":{"start":{"line":225,"column":12},"end":{"line":225,"column":64}},"type":"binary-expr","locations":[{"start":{"line":225,"column":12},"end":{"line":225,"column":34}},{"start":{"line":225,"column":38},"end":{"line":225,"column":64}}]},"14":{"loc":{"start":{"line":236,"column":6},"end":{"line":252,"column":null}},"type":"if","locations":[{"start":{"line":236,"column":6},"end":{"line":252,"column":null}},{"start":{"line":238,"column":13},"end":{"line":252,"column":null}}]},"15":{"loc":{"start":{"line":238,"column":13},"end":{"line":252,"column":null}},"type":"if","locations":[{"start":{"line":238,"column":13},"end":{"line":252,"column":null}},{"start":{"line":240,"column":13},"end":{"line":252,"column":null}}]},"16":{"loc":{"start":{"line":240,"column":13},"end":{"line":252,"column":null}},"type":"if","locations":[{"start":{"line":240,"column":13},"end":{"line":252,"column":null}},{"start":{"line":242,"column":13},"end":{"line":252,"column":null}}]},"17":{"loc":{"start":{"line":242,"column":13},"end":{"line":252,"column":null}},"type":"if","locations":[{"start":{"line":242,"column":13},"end":{"line":252,"column":null}},{"start":{"line":244,"column":13},"end":{"line":252,"column":null}}]},"18":{"loc":{"start":{"line":244,"column":13},"end":{"line":252,"column":null}},"type":"if","locations":[{"start":{"line":244,"column":13},"end":{"line":252,"column":null}},{"start":{"line":246,"column":13},"end":{"line":252,"column":null}}]},"19":{"loc":{"start":{"line":246,"column":13},"end":{"line":252,"column":null}},"type":"if","locations":[{"start":{"line":246,"column":13},"end":{"line":252,"column":null}},{"start":{"line":248,"column":13},"end":{"line":252,"column":null}}]},"20":{"loc":{"start":{"line":248,"column":13},"end":{"line":252,"column":null}},"type":"if","locations":[{"start":{"line":248,"column":13},"end":{"line":252,"column":null}},{"start":{"line":250,"column":13},"end":{"line":252,"column":null}}]},"21":{"loc":{"start":{"line":250,"column":13},"end":{"line":252,"column":null}},"type":"if","locations":[{"start":{"line":250,"column":13},"end":{"line":252,"column":null}}]},"22":{"loc":{"start":{"line":274,"column":6},"end":{"line":277,"column":null}},"type":"if","locations":[{"start":{"line":274,"column":6},"end":{"line":277,"column":null}}]},"23":{"loc":{"start":{"line":323,"column":8},"end":{"line":334,"column":null}},"type":"if","locations":[{"start":{"line":323,"column":8},"end":{"line":334,"column":null}},{"start":{"line":331,"column":15},"end":{"line":334,"column":null}}]},"24":{"loc":{"start":{"line":324,"column":10},"end":{"line":327,"column":29}},"type":"binary-expr","locations":[{"start":{"line":324,"column":10},"end":{"line":324,"column":30}},{"start":{"line":325,"column":10},"end":{"line":325,"column":33}},{"start":{"line":326,"column":11},"end":{"line":326,"column":30}},{"start":{"line":326,"column":34},"end":{"line":326,"column":63}},{"start":{"line":327,"column":10},"end":{"line":327,"column":29}}]},"25":{"loc":{"start":{"line":331,"column":15},"end":{"line":334,"column":null}},"type":"if","locations":[{"start":{"line":331,"column":15},"end":{"line":334,"column":null}}]},"26":{"loc":{"start":{"line":371,"column":6},"end":{"line":377,"column":null}},"type":"if","locations":[{"start":{"line":371,"column":6},"end":{"line":377,"column":null}},{"start":{"line":375,"column":13},"end":{"line":377,"column":null}}]}},"s":{"0":1,"1":1,"2":2,"3":2,"4":2,"5":2,"6":2,"7":2,"8":2,"9":2,"10":2,"11":2,"12":0,"13":0,"14":0,"15":0,"16":0,"17":0,"18":0,"19":0,"20":0,"21":0,"22":0,"23":0,"24":0,"25":0,"26":0,"27":0,"28":0,"29":0,"30":0,"31":0,"32":0,"33":0,"34":0,"35":0,"36":0,"37":0,"38":0,"39":0,"40":0,"41":0,"42":0,"43":0,"44":0,"45":0,"46":0,"47":0,"48":0,"49":0,"50":0,"51":0,"52":0,"53":0,"54":0,"55":0,"56":0,"57":0,"58":0,"59":0,"60":0,"61":0,"62":0,"63":0,"64":0,"65":0,"66":0,"67":0,"68":0,"69":0,"70":0,"71":0,"72":0,"73":0,"74":0,"75":0,"76":0,"77":0,"78":0,"79":0,"80":0,"81":0,"82":0,"83":0,"84":0,"85":0,"86":0,"87":0,"88":0,"89":0,"90":0,"91":0,"92":0,"93":0,"94":0,"95":0,"96":0,"97":0,"98":0,"99":0,"100":0,"101":0,"102":0,"103":0,"104":0,"105":0,"106":0,"107":0,"108":0,"109":0,"110":0,"111":0,"112":0,"113":0,"114":0,"115":0,"116":0,"117":0,"118":0,"119":0,"120":0,"121":0,"122":0,"123":0,"124":0,"125":0,"126":0,"127":0,"128":0,"129":0,"130":0,"131":0,"132":0,"133":0,"134":0,"135":0,"136":0,"137":0,"138":0,"139":0,"140":0,"141":0,"142":0,"143":0,"144":0,"145":0,"146":0,"147":0,"148":0,"149":0,"150":0,"151":0,"152":0,"153":0,"154":0,"155":0,"156":0,"157":0,"158":1},"f":{"0":2,"1":2,"2":2,"3":2,"4":2,"5":0,"6":0,"7":0,"8":0,"9":0,"10":0,"11":0,"12":0,"13":0,"14":0,"15":0,"16":0,"17":0,"18":0,"19":0,"20":0,"21":0,"22":0,"23":0,"24":0,"25":0,"26":0,"27":0,"28":0,"29":0,"30":0,"31":0,"32":0,"33":0,"34":0,"35":0,"36":0},"b":{"0":[0,0],"1":[0,0],"2":[0,0],"3":[0,0],"4":[0,0],"5":[0,0],"6":[0,0],"7":[0,0],"8":[0,0],"9":[0,0],"10":[0,0],"11":[0,0],"12":[0,0],"13":[0,0],"14":[0,0],"15":[0,0],"16":[0,0],"17":[0,0],"18":[0,0],"19":[0,0],"20":[0,0],"21":[0],"22":[0],"23":[0,0],"24":[0,0,0,0,0],"25":[0],"26":[0,0]}}
,"D:\\fejs\\ecommerce_application\\src\\components\\api\\BuildClient.ts": {"path":"D:\\fejs\\ecommerce_application\\src\\components\\api\\BuildClient.ts","statementMap":{"0":{"start":{"line":3,"column":0},"end":{"line":3,"column":31}},"1":{"start":{"line":4,"column":0},"end":{"line":4,"column":null}},"2":{"start":{"line":12,"column":19},"end":{"line":12,"column":52}},"3":{"start":{"line":13,"column":15},"end":{"line":13,"column":65}},"4":{"start":{"line":16,"column":53},"end":{"line":25,"column":2}},"5":{"start":{"line":28,"column":53},"end":{"line":31,"column":2}},"6":{"start":{"line":34,"column":18},"end":{"line":40,"column":10}},"7":{"start":{"line":42,"column":0},"end":{"line":42,"column":25}}},"fnMap":{},"branchMap":{},"s":{"0":1,"1":1,"2":1,"3":1,"4":1,"5":1,"6":1,"7":1},"f":{},"b":{}}
}
