TN:
SF:src\components\registration.ts
FN:19,(anonymous_0)
FN:23,(anonymous_1)
FN:60,(anonymous_2)
FN:64,(anonymous_3)
FN:68,addAddress
FN:107,(anonymous_5)
FN:110,returnNumAddresses
FN:114,showError
FN:120,hideError
FN:126,returnErrPar
FN:130,returnInputValue
FN:135,checkEmail
FN:146,checkPassword
FN:160,checkNotOnlyChar
FN:164,checkFirstName
FN:174,checkLastName
FN:184,checkAge
FN:197,checkStreet
FN:209,checkCity
FN:221,checkPCode
FN:233,checkEvtTarget
FN:255,checkAll
FN:266,displayMessage
FN:272,hideMessage
FN:280,updateCustomerInfo
FN:321,clearForm
FN:322,clearInput
FN:337,(anonymous_27)
FN:340,createUser
FN:350,(anonymous_29)
FN:352,(anonymous_30)
FN:356,(anonymous_31)
FN:361,(anonymous_32)
FN:363,(anonymous_33)
FN:367,checkForm
FN:374,(anonymous_35)
FN:380,removeListeners
FNF:37
FNH:5
FNDA:2,(anonymous_0)
FNDA:2,(anonymous_1)
FNDA:2,(anonymous_2)
FNDA:2,(anonymous_3)
FNDA:2,addAddress
FNDA:0,(anonymous_5)
FNDA:0,returnNumAddresses
FNDA:0,showError
FNDA:0,hideError
FNDA:0,returnErrPar
FNDA:0,returnInputValue
FNDA:0,checkEmail
FNDA:0,checkPassword
FNDA:0,checkNotOnlyChar
FNDA:0,checkFirstName
FNDA:0,checkLastName
FNDA:0,checkAge
FNDA:0,checkStreet
FNDA:0,checkCity
FNDA:0,checkPCode
FNDA:0,checkEvtTarget
FNDA:0,checkAll
FNDA:0,displayMessage
FNDA:0,hideMessage
FNDA:0,updateCustomerInfo
FNDA:0,clearForm
FNDA:0,clearInput
FNDA:0,(anonymous_27)
FNDA:0,createUser
FNDA:0,(anonymous_29)
FNDA:0,(anonymous_30)
FNDA:0,(anonymous_31)
FNDA:0,(anonymous_32)
FNDA:0,(anonymous_33)
FNDA:0,checkForm
FNDA:0,(anonymous_35)
FNDA:0,removeListeners
DA:1,1
DA:6,1
DA:16,1
DA:20,2
DA:24,2
DA:61,2
DA:65,2
DA:66,2
DA:69,2
DA:70,2
DA:100,2
DA:103,2
DA:104,2
DA:108,0
DA:111,0
DA:115,0
DA:116,0
DA:117,0
DA:121,0
DA:122,0
DA:123,0
DA:127,0
DA:131,0
DA:132,0
DA:136,0
DA:137,0
DA:138,0
DA:139,0
DA:140,0
DA:142,0
DA:147,0
DA:148,0
DA:149,0
DA:150,0
DA:151,0
DA:152,0
DA:153,0
DA:154,0
DA:156,0
DA:161,0
DA:165,0
DA:166,0
DA:167,0
DA:168,0
DA:170,0
DA:175,0
DA:176,0
DA:177,0
DA:178,0
DA:180,0
DA:185,0
DA:186,0
DA:187,0
DA:188,0
DA:189,0
DA:190,0
DA:191,0
DA:193,0
DA:198,0
DA:199,0
DA:200,0
DA:201,0
DA:202,0
DA:204,0
DA:210,0
DA:211,0
DA:212,0
DA:213,0
DA:214,0
DA:216,0
DA:222,0
DA:223,0
DA:224,0
DA:225,0
DA:226,0
DA:228,0
DA:234,0
DA:235,0
DA:236,0
DA:237,0
DA:238,0
DA:239,0
DA:240,0
DA:241,0
DA:242,0
DA:243,0
DA:244,0
DA:245,0
DA:246,0
DA:247,0
DA:248,0
DA:249,0
DA:250,0
DA:251,0
DA:256,0
DA:257,0
DA:258,0
DA:259,0
DA:260,0
DA:261,0
DA:262,0
DA:263,0
DA:267,0
DA:268,0
DA:269,0
DA:273,0
DA:274,0
DA:275,0
DA:276,0
DA:281,0
DA:284,0
DA:285,0
DA:286,0
DA:287,0
DA:288,0
DA:289,0
DA:296,0
DA:323,0
DA:330,0
DA:331,0
DA:333,0
DA:336,0
DA:337,0
DA:341,0
DA:342,0
DA:343,0
DA:347,0
DA:350,0
DA:351,0
DA:353,0
DA:354,0
DA:355,0
DA:356,0
DA:357,0
DA:358,0
DA:362,0
DA:363,0
DA:368,0
DA:369,0
DA:370,0
DA:371,0
DA:372,0
DA:373,0
DA:374,0
DA:376,0
DA:381,0
DA:382,0
DA:383,0
DA:386,0
DA:387,0
DA:388,0
DA:389,0
LF:152
LH:13
BRDA:139,0,0,0
BRDA:139,0,1,0
BRDA:149,1,0,0
BRDA:149,1,1,0
BRDA:151,2,0,0
BRDA:151,2,1,0
BRDA:153,3,0,0
BRDA:153,3,1,0
BRDA:161,4,0,0
BRDA:161,4,1,0
BRDA:167,5,0,0
BRDA:167,5,1,0
BRDA:177,6,0,0
BRDA:177,6,1,0
BRDA:190,7,0,0
BRDA:190,7,1,0
BRDA:190,8,0,0
BRDA:190,8,1,0
BRDA:201,9,0,0
BRDA:201,9,1,0
BRDA:201,10,0,0
BRDA:201,10,1,0
BRDA:213,11,0,0
BRDA:213,11,1,0
BRDA:225,12,0,0
BRDA:225,12,1,0
BRDA:225,13,0,0
BRDA:225,13,1,0
BRDA:236,14,0,0
BRDA:236,14,1,0
BRDA:238,15,0,0
BRDA:238,15,1,0
BRDA:240,16,0,0
BRDA:240,16,1,0
BRDA:242,17,0,0
BRDA:242,17,1,0
BRDA:244,18,0,0
BRDA:244,18,1,0
BRDA:246,19,0,0
BRDA:246,19,1,0
BRDA:248,20,0,0
BRDA:248,20,1,0
BRDA:250,21,0,0
BRDA:274,22,0,0
BRDA:323,23,0,0
BRDA:323,23,1,0
BRDA:324,24,0,0
BRDA:324,24,1,0
BRDA:324,24,2,0
BRDA:324,24,3,0
BRDA:324,24,4,0
BRDA:331,25,0,0
BRDA:371,26,0,0
BRDA:371,26,1,0
BRF:54
BRH:0
end_of_record
TN:
SF:src\components\api\BuildClient.ts
FNF:0
FNH:0
DA:3,1
DA:4,1
DA:12,1
DA:13,1
DA:16,1
DA:28,1
DA:34,1
DA:42,1
LF:8
LH:8
BRF:0
BRH:0
end_of_record
